2022-12-20 16:51:23.247  INFO 6304 --- [restartedMain] com.pwt.upload.PwtBackendApplication     : Starting PwtBackendApplication using Java 16.0.2 on AISL-DAT-151 with PID 6304 (D:\Users\SwapnaliG\workspace java\sample\sample\target\classes started by SwapnaliG in D:\Users\SwapnaliG\workspace java\sample\sample)
2022-12-20 16:51:23.251  INFO 6304 --- [restartedMain] com.pwt.upload.PwtBackendApplication     : No active profile set, falling back to default profiles: default
2022-12-20 16:51:23.399  INFO 6304 --- [restartedMain] o.s.b.devtools.restart.ChangeableUrls    : The Class-Path manifest attribute in D:\Users\SwapnaliG\.m2\repository\com\oracle\database\jdbc\ojdbc8\21.1.0.0\ojdbc8-21.1.0.0.jar referenced one or more files that do not exist: file:/D:/Users/SwapnaliG/.m2/repository/com/oracle/database/jdbc/ojdbc8/21.1.0.0/oraclepki.jar
2022-12-20 16:51:23.400  INFO 6304 --- [restartedMain] .e.DevToolsPropertyDefaultsPostProcessor : Devtools property defaults active! Set 'spring.devtools.add-properties' to 'false' to disable
2022-12-20 16:51:23.402  INFO 6304 --- [restartedMain] .e.DevToolsPropertyDefaultsPostProcessor : For additional web related logging consider setting the 'logging.level.web' property to 'DEBUG'
2022-12-20 16:51:24.537  INFO 6304 --- [restartedMain] .s.d.r.c.RepositoryConfigurationDelegate : Bootstrapping Spring Data JPA repositories in DEFAULT mode.
2022-12-20 16:51:24.650  INFO 6304 --- [restartedMain] .s.d.r.c.RepositoryConfigurationDelegate : Finished Spring Data repository scanning in 99 ms. Found 5 JPA repository interfaces.
2022-12-20 16:51:25.782  INFO 6304 --- [restartedMain] o.s.b.w.embedded.tomcat.TomcatWebServer  : Tomcat initialized with port(s): 8080 (http)
2022-12-20 16:51:25.801  INFO 6304 --- [restartedMain] o.apache.catalina.core.StandardService   : Starting service [Tomcat]
2022-12-20 16:51:25.802  INFO 6304 --- [restartedMain] org.apache.catalina.core.StandardEngine  : Starting Servlet engine: [Apache Tomcat/9.0.53]
2022-12-20 16:51:25.979  INFO 6304 --- [restartedMain] o.a.c.c.C.[Tomcat].[localhost].[/]       : Initializing Spring embedded WebApplicationContext
2022-12-20 16:51:25.980  INFO 6304 --- [restartedMain] w.s.c.ServletWebServerApplicationContext : Root WebApplicationContext: initialization completed in 2578 ms
2022-12-20 16:51:26.353  WARN 6304 --- [restartedMain] com.zaxxer.hikari.HikariConfig           : HikariPool-1 - maxLifetime is less than 30000ms, setting to default 1800000ms.
2022-12-20 16:51:26.355  INFO 6304 --- [restartedMain] com.zaxxer.hikari.HikariDataSource       : HikariPool-1 - Starting...
2022-12-20 16:51:26.938  INFO 6304 --- [restartedMain] com.zaxxer.hikari.HikariDataSource       : HikariPool-1 - Start completed.
2022-12-20 16:51:27.026  INFO 6304 --- [restartedMain] o.hibernate.jpa.internal.util.LogHelper  : HHH000204: Processing PersistenceUnitInfo [name: default]
2022-12-20 16:51:27.123  INFO 6304 --- [restartedMain] org.hibernate.Version                    : HHH000412: Hibernate ORM core version 5.4.32.Final
2022-12-20 16:51:27.394  INFO 6304 --- [restartedMain] o.hibernate.annotations.common.Version   : HCANN000001: Hibernate Commons Annotations {5.1.2.Final}
2022-12-20 16:51:27.630  INFO 6304 --- [restartedMain] org.hibernate.dialect.Dialect            : HHH000400: Using dialect: org.hibernate.dialect.Oracle12cDialect
2022-12-20 16:51:44.391  INFO 6304 --- [restartedMain] o.h.e.t.j.p.i.JtaPlatformInitiator       : HHH000490: Using JtaPlatform implementation: [org.hibernate.engine.transaction.jta.platform.internal.NoJtaPlatform]
2022-12-20 16:51:44.407  INFO 6304 --- [restartedMain] j.LocalContainerEntityManagerFactoryBean : Initialized JPA EntityManagerFactory for persistence unit 'default'
2022-12-20 16:51:45.296  WARN 6304 --- [restartedMain] JpaBaseConfiguration$JpaWebConfiguration : spring.jpa.open-in-view is enabled by default. Therefore, database queries may be performed during view rendering. Explicitly configure spring.jpa.open-in-view to disable this warning
2022-12-20 16:51:45.804  INFO 6304 --- [restartedMain] o.s.b.d.a.OptionalLiveReloadServer       : LiveReload server is running on port 35729
2022-12-20 16:51:45.836  INFO 6304 --- [restartedMain] o.s.b.w.embedded.tomcat.TomcatWebServer  : Tomcat started on port(s): 8080 (http) with context path ''
2022-12-20 16:51:45.849  INFO 6304 --- [restartedMain] com.pwt.upload.PwtBackendApplication     : Started PwtBackendApplication in 23.293 seconds (JVM running for 24.357)
2022-12-20 17:44:36.484  INFO 6304 --- [Thread-7] j.LocalContainerEntityManagerFactoryBean : Closing JPA EntityManagerFactory for persistence unit 'default'
2022-12-20 17:44:36.510  INFO 6304 --- [Thread-7] com.zaxxer.hikari.HikariDataSource       : HikariPool-1 - Shutdown initiated...
