2022-12-20 18:04:16.722  INFO 16364 --- [restartedMain] com.pwt.upload.PwtBackendApplication     : Starting PwtBackendApplication using Java 16.0.2 on AISL-DAT-151 with PID 16364 (D:\Users\SwapnaliG\workspace java\sample\sample\target\classes started by SwapnaliG in D:\Users\SwapnaliG\workspace java\sample\sample)
2022-12-20 18:04:16.726  INFO 16364 --- [restartedMain] com.pwt.upload.PwtBackendApplication     : No active profile set, falling back to default profiles: default
2022-12-20 18:04:16.863  INFO 16364 --- [restartedMain] o.s.b.devtools.restart.ChangeableUrls    : The Class-Path manifest attribute in D:\Users\SwapnaliG\.m2\repository\com\oracle\database\jdbc\ojdbc8\21.1.0.0\ojdbc8-21.1.0.0.jar referenced one or more files that do not exist: file:/D:/Users/SwapnaliG/.m2/repository/com/oracle/database/jdbc/ojdbc8/21.1.0.0/oraclepki.jar
2022-12-20 18:04:16.865  INFO 16364 --- [restartedMain] .e.DevToolsPropertyDefaultsPostProcessor : Devtools property defaults active! Set 'spring.devtools.add-properties' to 'false' to disable
2022-12-20 18:04:16.866  INFO 16364 --- [restartedMain] .e.DevToolsPropertyDefaultsPostProcessor : For additional web related logging consider setting the 'logging.level.web' property to 'DEBUG'
2022-12-20 18:04:18.000  INFO 16364 --- [restartedMain] .s.d.r.c.RepositoryConfigurationDelegate : Bootstrapping Spring Data JPA repositories in DEFAULT mode.
2022-12-20 18:04:18.120  INFO 16364 --- [restartedMain] .s.d.r.c.RepositoryConfigurationDelegate : Finished Spring Data repository scanning in 103 ms. Found 5 JPA repository interfaces.
2022-12-20 18:04:19.215  INFO 16364 --- [restartedMain] o.s.b.w.embedded.tomcat.TomcatWebServer  : Tomcat initialized with port(s): 8080 (http)
2022-12-20 18:04:19.239  INFO 16364 --- [restartedMain] o.apache.catalina.core.StandardService   : Starting service [Tomcat]
2022-12-20 18:04:19.240  INFO 16364 --- [restartedMain] org.apache.catalina.core.StandardEngine  : Starting Servlet engine: [Apache Tomcat/9.0.53]
2022-12-20 18:04:19.435  INFO 16364 --- [restartedMain] o.a.c.c.C.[Tomcat].[localhost].[/]       : Initializing Spring embedded WebApplicationContext
2022-12-20 18:04:19.436  INFO 16364 --- [restartedMain] w.s.c.ServletWebServerApplicationContext : Root WebApplicationContext: initialization completed in 2568 ms
2022-12-20 18:04:19.794  INFO 16364 --- [restartedMain] com.zaxxer.hikari.HikariDataSource       : HikariPool-1 - Starting...
2022-12-20 18:04:20.296  INFO 16364 --- [restartedMain] com.zaxxer.hikari.HikariDataSource       : HikariPool-1 - Start completed.
2022-12-20 18:04:20.381  INFO 16364 --- [restartedMain] o.hibernate.jpa.internal.util.LogHelper  : HHH000204: Processing PersistenceUnitInfo [name: default]
2022-12-20 18:04:20.503  INFO 16364 --- [restartedMain] org.hibernate.Version                    : HHH000412: Hibernate ORM core version 5.4.32.Final
2022-12-20 18:04:20.820  INFO 16364 --- [restartedMain] o.hibernate.annotations.common.Version   : HCANN000001: Hibernate Commons Annotations {5.1.2.Final}
2022-12-20 18:04:21.100  INFO 16364 --- [restartedMain] org.hibernate.dialect.Dialect            : HHH000400: Using dialect: org.hibernate.dialect.Oracle12cDialect
2022-12-20 18:04:38.390  INFO 16364 --- [restartedMain] o.h.e.t.j.p.i.JtaPlatformInitiator       : HHH000490: Using JtaPlatform implementation: [org.hibernate.engine.transaction.jta.platform.internal.NoJtaPlatform]
2022-12-20 18:04:38.404  INFO 16364 --- [restartedMain] j.LocalContainerEntityManagerFactoryBean : Initialized JPA EntityManagerFactory for persistence unit 'default'
2022-12-20 18:04:39.285  WARN 16364 --- [restartedMain] JpaBaseConfiguration$JpaWebConfiguration : spring.jpa.open-in-view is enabled by default. Therefore, database queries may be performed during view rendering. Explicitly configure spring.jpa.open-in-view to disable this warning
2022-12-20 18:04:39.753  INFO 16364 --- [restartedMain] o.s.b.d.a.OptionalLiveReloadServer       : LiveReload server is running on port 35729
2022-12-20 18:04:39.792  INFO 16364 --- [restartedMain] o.s.b.w.embedded.tomcat.TomcatWebServer  : Tomcat started on port(s): 8080 (http) with context path ''
2022-12-20 18:04:39.809  INFO 16364 --- [restartedMain] com.pwt.upload.PwtBackendApplication     : Started PwtBackendApplication in 23.764 seconds (JVM running for 24.792)
2022-12-20 18:16:44.187  INFO 16364 --- [Thread-7] j.LocalContainerEntityManagerFactoryBean : Closing JPA EntityManagerFactory for persistence unit 'default'
2022-12-20 18:16:44.202  INFO 16364 --- [Thread-7] com.zaxxer.hikari.HikariDataSource       : HikariPool-1 - Shutdown initiated...
2022-12-20 18:16:44.327  INFO 16364 --- [Thread-7] com.zaxxer.hikari.HikariDataSource       : HikariPool-1 - Shutdown completed.
